INFO  2015-10-27 16:32:26,471 (Saros.java:220) Starting Saros 14.10.31 running:
  Java Version: 1.8.0_60
  Java Vendor: Oracle Corporation
  Eclipse Runtime Version: 3.11.1.v20150903-1804
  Operating System: Mac OS X (10.11)
  Hardware Architecture: x86_64
INFO  2015-10-27 16:32:26,532 (SarosContext.java:153) creating Saros runtime context...
DEBUG 2015-10-27 16:32:26,594 (XMPPAccountStore.java:117) loading accounts from file: /Users/ZP4RKER/.saros/config.dat
DEBUG 2015-10-27 16:32:34,849 (XMPPAccountStore.java:176) loaded 1 account(s)
INFO  2015-10-27 16:32:35,299 (SarosContext.java:199) successfully created Saros runtime context
DEBUG 2015-10-27 16:32:35,337 (DataTransferManager.java:467) used transport order for the current XMPP connection: [XMPP-Socks5-Transport, XMPP-IBB-Transport]
INFO  2015-10-27 16:32:35,371 (PreferenceInitializer.java:50) initializing preference default values
DEBUG 2015-10-27 16:32:35,454 (SarosAnnotation.java:117) resetting annotation colors
DEBUG 2015-10-27 16:32:35,583 (Saros.java:430) skipping conversion of old XMPP accounts, because there are already new ones
DEBUG 2015-10-27 16:32:41,715 (SharedDocumentProvider.java:77) SharedDocumentProvider created by Eclipse
DEBUG 2015-10-27 16:32:51,229 (WhiteboardManager.java:194) WhiteboardManager instantiated
DEBUG 2015-10-27 16:32:51,272 (DocumentRecord.java:93) Added Node: attr(144592397126624523) name=svg
DEBUG 2015-10-27 16:32:56,605 (XMPPConnectionService.java:439) started Socks5 proxy on port: 7777 [listening on all interfaces]
DEBUG 2015-10-27 16:32:56,609 (XMPPConnectionService.java:459) using autodetected addresses: [192.168.0.40, fe80:0:0:0:f863:72ff:fef2:c1a5%awdl0, fe80:0:0:0:8638:35ff:fe48:ea84%en0]
DEBUG 2015-10-27 16:32:56,619 (XMPPConnectionService.java:398)  new connection state == CONNECTING
DEBUG 2015-10-27 16:33:00,988 (XMPPConnectionService.java:398) zp4rker@bluebracket.p1.im/Saros new connection state == CONNECTED
DEBUG 2015-10-27 16:33:00,989 (DataTransferManager.java:467) used transport order for the current XMPP connection: [XMPP-Socks5-Transport, XMPP-IBB-Transport]
DEBUG 2015-10-27 16:33:00,994 (SkypeManager.java:289) Refreshing Skype username cache...
WARN  2015-10-27 16:33:06,978 (StunServiceImpl.java:420) received no response from STUN server stunserver.org/69.172.201.208:3478 at local address /192.168.0.40:0
DEBUG 2015-10-27 17:23:23,992 (XMPPConnectionService.java:398) zp4rker@bluebracket.p1.im/Saros new connection state == DISCONNECTING
DEBUG 2015-10-27 17:23:24,149 (XMPPConnectionService.java:398)  new connection state == NOT_CONNECTED
DEBUG 2015-10-27 17:23:24,151 (UPnPServiceImpl.java:295) deleting existing port mappings
