WARN  2015-10-26 19:01:59,246 (StunServiceImpl.java:420) received no response from STUN server stunserver.org/69.172.201.208:3478 at local address /192.168.0.15:0
WARN  2015-10-26 19:03:09,312 (XMPPUtils.java:300) could not query identity: aim.hosted.im
service-unavailable(503)
	at org.jivesoftware.smackx.ServiceDiscoveryManager.discoverInfo(ServiceDiscoveryManager.java:537)
	at org.jivesoftware.smackx.ServiceDiscoveryManager.discoverInfo(ServiceDiscoveryManager.java:489)
	at de.fu_berlin.inf.dpp.net.util.XMPPUtils.getUserDirectoryService(XMPPUtils.java:285)
	at de.fu_berlin.inf.dpp.net.util.XMPPUtils.isListedInUserDirectory(XMPPUtils.java:387)
	at de.fu_berlin.inf.dpp.net.util.XMPPUtils.isJIDonServer(XMPPUtils.java:192)
	at de.fu_berlin.inf.dpp.ui.wizards.AddContactWizard.addToRoster(AddContactWizard.java:184)
	at de.fu_berlin.inf.dpp.ui.wizards.AddContactWizard.access$0(AddContactWizard.java:174)
	at de.fu_berlin.inf.dpp.ui.wizards.AddContactWizard$1.run(AddContactWizard.java:132)
	at org.eclipse.jface.operation.ModalContext$ModalContextThread.run(ModalContext.java:119)
WARN  2015-10-26 19:03:10,121 (XMPPUtils.java:300) could not query identity: icq.hosted.im
service-unavailable(503)
	at org.jivesoftware.smackx.ServiceDiscoveryManager.discoverInfo(ServiceDiscoveryManager.java:537)
	at org.jivesoftware.smackx.ServiceDiscoveryManager.discoverInfo(ServiceDiscoveryManager.java:489)
	at de.fu_berlin.inf.dpp.net.util.XMPPUtils.getUserDirectoryService(XMPPUtils.java:285)
	at de.fu_berlin.inf.dpp.net.util.XMPPUtils.isListedInUserDirectory(XMPPUtils.java:387)
	at de.fu_berlin.inf.dpp.net.util.XMPPUtils.isJIDonServer(XMPPUtils.java:192)
	at de.fu_berlin.inf.dpp.ui.wizards.AddContactWizard.addToRoster(AddContactWizard.java:184)
	at de.fu_berlin.inf.dpp.ui.wizards.AddContactWizard.access$0(AddContactWizard.java:174)
	at de.fu_berlin.inf.dpp.ui.wizards.AddContactWizard$1.run(AddContactWizard.java:132)
	at org.eclipse.jface.operation.ModalContext$ModalContextThread.run(ModalContext.java:119)
WARN  2015-10-26 19:03:10,531 (XMPPUtils.java:300) could not query identity: irc.hosted.im
service-unavailable(503)
	at org.jivesoftware.smackx.ServiceDiscoveryManager.discoverInfo(ServiceDiscoveryManager.java:537)
	at org.jivesoftware.smackx.ServiceDiscoveryManager.discoverInfo(ServiceDiscoveryManager.java:489)
	at de.fu_berlin.inf.dpp.net.util.XMPPUtils.getUserDirectoryService(XMPPUtils.java:285)
	at de.fu_berlin.inf.dpp.net.util.XMPPUtils.isListedInUserDirectory(XMPPUtils.java:387)
	at de.fu_berlin.inf.dpp.net.util.XMPPUtils.isJIDonServer(XMPPUtils.java:192)
	at de.fu_berlin.inf.dpp.ui.wizards.AddContactWizard.addToRoster(AddContactWizard.java:184)
	at de.fu_berlin.inf.dpp.ui.wizards.AddContactWizard.access$0(AddContactWizard.java:174)
	at de.fu_berlin.inf.dpp.ui.wizards.AddContactWizard$1.run(AddContactWizard.java:132)
	at org.eclipse.jface.operation.ModalContext$ModalContextThread.run(ModalContext.java:119)
WARN  2015-10-26 19:03:10,941 (XMPPUtils.java:300) could not query identity: msn.hosted.im
service-unavailable(503)
	at org.jivesoftware.smackx.ServiceDiscoveryManager.discoverInfo(ServiceDiscoveryManager.java:537)
	at org.jivesoftware.smackx.ServiceDiscoveryManager.discoverInfo(ServiceDiscoveryManager.java:489)
	at de.fu_berlin.inf.dpp.net.util.XMPPUtils.getUserDirectoryService(XMPPUtils.java:285)
	at de.fu_berlin.inf.dpp.net.util.XMPPUtils.isListedInUserDirectory(XMPPUtils.java:387)
	at de.fu_berlin.inf.dpp.net.util.XMPPUtils.isJIDonServer(XMPPUtils.java:192)
	at de.fu_berlin.inf.dpp.ui.wizards.AddContactWizard.addToRoster(AddContactWizard.java:184)
	at de.fu_berlin.inf.dpp.ui.wizards.AddContactWizard.access$0(AddContactWizard.java:174)
	at de.fu_berlin.inf.dpp.ui.wizards.AddContactWizard$1.run(AddContactWizard.java:132)
	at org.eclipse.jface.operation.ModalContext$ModalContextThread.run(ModalContext.java:119)
WARN  2015-10-26 19:03:11,349 (XMPPUtils.java:300) could not query identity: proxy.hosted.im
service-unavailable(503)
	at org.jivesoftware.smackx.ServiceDiscoveryManager.discoverInfo(ServiceDiscoveryManager.java:537)
	at org.jivesoftware.smackx.ServiceDiscoveryManager.discoverInfo(ServiceDiscoveryManager.java:489)
	at de.fu_berlin.inf.dpp.net.util.XMPPUtils.getUserDirectoryService(XMPPUtils.java:285)
	at de.fu_berlin.inf.dpp.net.util.XMPPUtils.isListedInUserDirectory(XMPPUtils.java:387)
	at de.fu_berlin.inf.dpp.net.util.XMPPUtils.isJIDonServer(XMPPUtils.java:192)
	at de.fu_berlin.inf.dpp.ui.wizards.AddContactWizard.addToRoster(AddContactWizard.java:184)
	at de.fu_berlin.inf.dpp.ui.wizards.AddContactWizard.access$0(AddContactWizard.java:174)
	at de.fu_berlin.inf.dpp.ui.wizards.AddContactWizard$1.run(AddContactWizard.java:132)
	at org.eclipse.jface.operation.ModalContext$ModalContextThread.run(ModalContext.java:119)
WARN  2015-10-26 19:03:11,760 (XMPPUtils.java:300) could not query identity: twitter.hosted.im
service-unavailable(503)
	at org.jivesoftware.smackx.ServiceDiscoveryManager.discoverInfo(ServiceDiscoveryManager.java:537)
	at org.jivesoftware.smackx.ServiceDiscoveryManager.discoverInfo(ServiceDiscoveryManager.java:489)
	at de.fu_berlin.inf.dpp.net.util.XMPPUtils.getUserDirectoryService(XMPPUtils.java:285)
	at de.fu_berlin.inf.dpp.net.util.XMPPUtils.isListedInUserDirectory(XMPPUtils.java:387)
	at de.fu_berlin.inf.dpp.net.util.XMPPUtils.isJIDonServer(XMPPUtils.java:192)
	at de.fu_berlin.inf.dpp.ui.wizards.AddContactWizard.addToRoster(AddContactWizard.java:184)
	at de.fu_berlin.inf.dpp.ui.wizards.AddContactWizard.access$0(AddContactWizard.java:174)
	at de.fu_berlin.inf.dpp.ui.wizards.AddContactWizard$1.run(AddContactWizard.java:132)
	at org.eclipse.jface.operation.ModalContext$ModalContextThread.run(ModalContext.java:119)
WARN  2015-10-26 19:03:16,599 (AddContactWizard.java:146) Unknown error: recipient-unavailable(404)
Unknown error: recipient-unavailable(404): 
	at de.fu_berlin.inf.dpp.ui.wizards.AddContactWizard.addToRoster(AddContactWizard.java:234)
	at de.fu_berlin.inf.dpp.ui.wizards.AddContactWizard.access$0(AddContactWizard.java:174)
	at de.fu_berlin.inf.dpp.ui.wizards.AddContactWizard$1.run(AddContactWizard.java:132)
	at org.eclipse.jface.operation.ModalContext$ModalContextThread.run(ModalContext.java:119)
WARN  2015-10-26 19:04:53,828 (XMPPUtils.java:300) could not query identity: aim.hosted.im
service-unavailable(503)
	at org.jivesoftware.smackx.ServiceDiscoveryManager.discoverInfo(ServiceDiscoveryManager.java:537)
	at org.jivesoftware.smackx.ServiceDiscoveryManager.discoverInfo(ServiceDiscoveryManager.java:489)
	at de.fu_berlin.inf.dpp.net.util.XMPPUtils.getUserDirectoryService(XMPPUtils.java:285)
	at de.fu_berlin.inf.dpp.net.util.XMPPUtils.isListedInUserDirectory(XMPPUtils.java:387)
	at de.fu_berlin.inf.dpp.net.util.XMPPUtils.isJIDonServer(XMPPUtils.java:192)
	at de.fu_berlin.inf.dpp.ui.wizards.AddContactWizard.addToRoster(AddContactWizard.java:184)
	at de.fu_berlin.inf.dpp.ui.wizards.AddContactWizard.access$0(AddContactWizard.java:174)
	at de.fu_berlin.inf.dpp.ui.wizards.AddContactWizard$1.run(AddContactWizard.java:132)
	at org.eclipse.jface.operation.ModalContext$ModalContextThread.run(ModalContext.java:119)
WARN  2015-10-26 19:04:54,570 (XMPPUtils.java:300) could not query identity: icq.hosted.im
service-unavailable(503)
	at org.jivesoftware.smackx.ServiceDiscoveryManager.discoverInfo(ServiceDiscoveryManager.java:537)
	at org.jivesoftware.smackx.ServiceDiscoveryManager.discoverInfo(ServiceDiscoveryManager.java:489)
	at de.fu_berlin.inf.dpp.net.util.XMPPUtils.getUserDirectoryService(XMPPUtils.java:285)
	at de.fu_berlin.inf.dpp.net.util.XMPPUtils.isListedInUserDirectory(XMPPUtils.java:387)
	at de.fu_berlin.inf.dpp.net.util.XMPPUtils.isJIDonServer(XMPPUtils.java:192)
	at de.fu_berlin.inf.dpp.ui.wizards.AddContactWizard.addToRoster(AddContactWizard.java:184)
	at de.fu_berlin.inf.dpp.ui.wizards.AddContactWizard.access$0(AddContactWizard.java:174)
	at de.fu_berlin.inf.dpp.ui.wizards.AddContactWizard$1.run(AddContactWizard.java:132)
	at org.eclipse.jface.operation.ModalContext$ModalContextThread.run(ModalContext.java:119)
WARN  2015-10-26 19:04:54,860 (XMPPUtils.java:300) could not query identity: irc.hosted.im
service-unavailable(503)
	at org.jivesoftware.smackx.ServiceDiscoveryManager.discoverInfo(ServiceDiscoveryManager.java:537)
	at org.jivesoftware.smackx.ServiceDiscoveryManager.discoverInfo(ServiceDiscoveryManager.java:489)
	at de.fu_berlin.inf.dpp.net.util.XMPPUtils.getUserDirectoryService(XMPPUtils.java:285)
	at de.fu_berlin.inf.dpp.net.util.XMPPUtils.isListedInUserDirectory(XMPPUtils.java:387)
	at de.fu_berlin.inf.dpp.net.util.XMPPUtils.isJIDonServer(XMPPUtils.java:192)
	at de.fu_berlin.inf.dpp.ui.wizards.AddContactWizard.addToRoster(AddContactWizard.java:184)
	at de.fu_berlin.inf.dpp.ui.wizards.AddContactWizard.access$0(AddContactWizard.java:174)
	at de.fu_berlin.inf.dpp.ui.wizards.AddContactWizard$1.run(AddContactWizard.java:132)
	at org.eclipse.jface.operation.ModalContext$ModalContextThread.run(ModalContext.java:119)
WARN  2015-10-26 19:04:55,152 (XMPPUtils.java:300) could not query identity: msn.hosted.im
service-unavailable(503)
	at org.jivesoftware.smackx.ServiceDiscoveryManager.discoverInfo(ServiceDiscoveryManager.java:537)
	at org.jivesoftware.smackx.ServiceDiscoveryManager.discoverInfo(ServiceDiscoveryManager.java:489)
	at de.fu_berlin.inf.dpp.net.util.XMPPUtils.getUserDirectoryService(XMPPUtils.java:285)
	at de.fu_berlin.inf.dpp.net.util.XMPPUtils.isListedInUserDirectory(XMPPUtils.java:387)
	at de.fu_berlin.inf.dpp.net.util.XMPPUtils.isJIDonServer(XMPPUtils.java:192)
	at de.fu_berlin.inf.dpp.ui.wizards.AddContactWizard.addToRoster(AddContactWizard.java:184)
	at de.fu_berlin.inf.dpp.ui.wizards.AddContactWizard.access$0(AddContactWizard.java:174)
	at de.fu_berlin.inf.dpp.ui.wizards.AddContactWizard$1.run(AddContactWizard.java:132)
	at org.eclipse.jface.operation.ModalContext$ModalContextThread.run(ModalContext.java:119)
WARN  2015-10-26 19:04:55,594 (XMPPUtils.java:300) could not query identity: proxy.hosted.im
service-unavailable(503)
	at org.jivesoftware.smackx.ServiceDiscoveryManager.discoverInfo(ServiceDiscoveryManager.java:537)
	at org.jivesoftware.smackx.ServiceDiscoveryManager.discoverInfo(ServiceDiscoveryManager.java:489)
	at de.fu_berlin.inf.dpp.net.util.XMPPUtils.getUserDirectoryService(XMPPUtils.java:285)
	at de.fu_berlin.inf.dpp.net.util.XMPPUtils.isListedInUserDirectory(XMPPUtils.java:387)
	at de.fu_berlin.inf.dpp.net.util.XMPPUtils.isJIDonServer(XMPPUtils.java:192)
	at de.fu_berlin.inf.dpp.ui.wizards.AddContactWizard.addToRoster(AddContactWizard.java:184)
	at de.fu_berlin.inf.dpp.ui.wizards.AddContactWizard.access$0(AddContactWizard.java:174)
	at de.fu_berlin.inf.dpp.ui.wizards.AddContactWizard$1.run(AddContactWizard.java:132)
	at org.eclipse.jface.operation.ModalContext$ModalContextThread.run(ModalContext.java:119)
WARN  2015-10-26 19:04:56,003 (XMPPUtils.java:300) could not query identity: twitter.hosted.im
service-unavailable(503)
	at org.jivesoftware.smackx.ServiceDiscoveryManager.discoverInfo(ServiceDiscoveryManager.java:537)
	at org.jivesoftware.smackx.ServiceDiscoveryManager.discoverInfo(ServiceDiscoveryManager.java:489)
	at de.fu_berlin.inf.dpp.net.util.XMPPUtils.getUserDirectoryService(XMPPUtils.java:285)
	at de.fu_berlin.inf.dpp.net.util.XMPPUtils.isListedInUserDirectory(XMPPUtils.java:387)
	at de.fu_berlin.inf.dpp.net.util.XMPPUtils.isJIDonServer(XMPPUtils.java:192)
	at de.fu_berlin.inf.dpp.ui.wizards.AddContactWizard.addToRoster(AddContactWizard.java:184)
	at de.fu_berlin.inf.dpp.ui.wizards.AddContactWizard.access$0(AddContactWizard.java:174)
	at de.fu_berlin.inf.dpp.ui.wizards.AddContactWizard$1.run(AddContactWizard.java:132)
	at org.eclipse.jface.operation.ModalContext$ModalContextThread.run(ModalContext.java:119)
WARN  2015-10-26 19:05:28,871 (XMPPUtils.java:364) could not query identity: aim.hosted.im
service-unavailable(503)
	at org.jivesoftware.smackx.ServiceDiscoveryManager.discoverInfo(ServiceDiscoveryManager.java:537)
	at org.jivesoftware.smackx.ServiceDiscoveryManager.discoverInfo(ServiceDiscoveryManager.java:489)
	at de.fu_berlin.inf.dpp.net.util.XMPPUtils.getMultiUserChatService(XMPPUtils.java:353)
	at de.fu_berlin.inf.dpp.communication.chat.muc.negotiation.MUCNegotiationManager.getMUCService(MUCNegotiationManager.java:168)
	at de.fu_berlin.inf.dpp.communication.chat.muc.negotiation.MUCNegotiationManager.getOwnPreferences(MUCNegotiationManager.java:125)
	at de.fu_berlin.inf.dpp.ui.widgets.chat.ChatRoomsComposite.createChat(ChatRoomsComposite.java:667)
	at de.fu_berlin.inf.dpp.ui.widgets.chat.ChatRoomsComposite.access$4(ChatRoomsComposite.java:665)
	at de.fu_berlin.inf.dpp.ui.widgets.chat.ChatRoomsComposite$5$2.run(ChatRoomsComposite.java:255)
	at de.fu_berlin.inf.dpp.util.ThreadUtils$1.run(ThreadUtils.java:38)
	at java.lang.Thread.run(Thread.java:745)
WARN  2015-10-26 19:05:49,252 (XMPPUtils.java:364) could not query identity: aim.hosted.im
service-unavailable(503)
	at org.jivesoftware.smackx.ServiceDiscoveryManager.discoverInfo(ServiceDiscoveryManager.java:537)
	at org.jivesoftware.smackx.ServiceDiscoveryManager.discoverInfo(ServiceDiscoveryManager.java:489)
	at de.fu_berlin.inf.dpp.net.util.XMPPUtils.getMultiUserChatService(XMPPUtils.java:353)
	at de.fu_berlin.inf.dpp.communication.chat.muc.negotiation.MUCNegotiationManager.getMUCService(MUCNegotiationManager.java:168)
	at de.fu_berlin.inf.dpp.communication.chat.muc.negotiation.MUCNegotiationManager.getOwnPreferences(MUCNegotiationManager.java:125)
	at de.fu_berlin.inf.dpp.communication.chat.muc.negotiation.MUCNegotiationManager$1.considerClientPreferences(MUCNegotiationManager.java:72)
	at de.fu_berlin.inf.dpp.negotiation.OutgoingSessionNegotiation.determineSessionParameters(OutgoingSessionNegotiation.java:397)
	at de.fu_berlin.inf.dpp.negotiation.OutgoingSessionNegotiation.start(OutgoingSessionNegotiation.java:191)
	at de.fu_berlin.inf.dpp.ui.eventhandler.NegotiationHandler$OutgoingInvitationJob.run(NegotiationHandler.java:86)
	at org.eclipse.core.internal.jobs.Worker.run(Worker.java:55)
WARN  2015-10-26 19:06:00,752 (Socks5Transport.java:411) [SOCKS5Transport] Couldn't accept request but still trying to establish a response connection: Could not establish socket with any provided host
ERROR 2015-10-26 19:06:04,643 (Socks5Transport.java:440) An error occurred while establishing a response connection 
item-not-found(404) Could not establish socket with any provided host
	at org.jivesoftware.smack.util.SyncPacketSend.getReply(SyncPacketSend.java:54)
	at org.jivesoftware.smackx.bytestreams.socks5.Socks5BytestreamManager.establishSession(Socks5BytestreamManager.java:481)
	at org.jivesoftware.smackx.bytestreams.socks5.Socks5BytestreamManager.establishSession(Socks5BytestreamManager.java:83)
	at de.fu_berlin.inf.dpp.net.internal.Socks5Transport.establishResponseSession(Socks5Transport.java:631)
	at de.fu_berlin.inf.dpp.net.internal.Socks5Transport$1.call(Socks5Transport.java:108)
	at de.fu_berlin.inf.dpp.net.internal.Socks5Transport$1.call(Socks5Transport.java:1)
	at java.util.concurrent.FutureTask.run(FutureTask.java:266)
	at java.util.concurrent.ThreadPoolExecutor.runWorker(ThreadPoolExecutor.java:1142)
	at java.util.concurrent.ThreadPoolExecutor$Worker.run(ThreadPoolExecutor.java:617)
	at java.lang.Thread.run(Thread.java:745)
ERROR 2015-10-26 19:06:04,646 (ByteStreamTransport.java:105) could not establish bytestream connection to evilcoffeebean@bluebracket.p1.im/Saros
java.io.IOException: [SOCKS5Transport] Neither connection could be established. 
	at de.fu_berlin.inf.dpp.net.internal.Socks5Transport.acceptNewRequest(Socks5Transport.java:446)
	at de.fu_berlin.inf.dpp.net.internal.Socks5Transport.acceptRequest(Socks5Transport.java:474)
	at de.fu_berlin.inf.dpp.net.internal.ByteStreamTransport$1.incomingBytestreamRequest(ByteStreamTransport.java:77)
	at org.jivesoftware.smackx.bytestreams.socks5.InitiationListener.processRequest(InitiationListener.java:91)
	at org.jivesoftware.smackx.bytestreams.socks5.InitiationListener.access$000(InitiationListener.java:37)
	at org.jivesoftware.smackx.bytestreams.socks5.InitiationListener$1.run(InitiationListener.java:63)
	at java.util.concurrent.ThreadPoolExecutor.runWorker(ThreadPoolExecutor.java:1142)
	at java.util.concurrent.ThreadPoolExecutor$Worker.run(ThreadPoolExecutor.java:617)
	at java.lang.Thread.run(Thread.java:745)
WARN  2015-10-26 19:06:48,235 (Socks5Transport.java:544) [SOCKS5Transport] could not establish a connection to evilcoffeebean@bluebracket.p1.im/Saros, remote side could not connect to any offered stream hosts: item-not-found(404) Could not establish socket with any provided host
ERROR 2015-10-26 19:06:50,305 (ByteStreamTransport.java:105) could not establish bytestream connection to evilcoffeebean@bluebracket.p1.im/Saros
Could not establish socket with any provided host: item-not-found(404) Could not establish socket with any provided host
	at org.jivesoftware.smackx.bytestreams.socks5.Socks5BytestreamRequest.cancelRequest(Socks5BytestreamRequest.java:277)
	at org.jivesoftware.smackx.bytestreams.socks5.Socks5BytestreamRequest.accept(Socks5BytestreamRequest.java:247)
	at org.jivesoftware.smackx.bytestreams.socks5.Socks5BytestreamRequest.accept(Socks5BytestreamRequest.java:34)
	at de.fu_berlin.inf.dpp.net.internal.Socks5Transport.handleResponse(Socks5Transport.java:315)
	at de.fu_berlin.inf.dpp.net.internal.Socks5Transport.acceptRequest(Socks5Transport.java:471)
	at de.fu_berlin.inf.dpp.net.internal.ByteStreamTransport$1.incomingBytestreamRequest(ByteStreamTransport.java:77)
	at org.jivesoftware.smackx.bytestreams.socks5.InitiationListener.processRequest(InitiationListener.java:91)
	at org.jivesoftware.smackx.bytestreams.socks5.InitiationListener.access$000(InitiationListener.java:37)
	at org.jivesoftware.smackx.bytestreams.socks5.InitiationListener$1.run(InitiationListener.java:63)
	at java.util.concurrent.ThreadPoolExecutor.runWorker(ThreadPoolExecutor.java:1142)
	at java.util.concurrent.ThreadPoolExecutor$Worker.run(ThreadPoolExecutor.java:617)
	at java.lang.Thread.run(Thread.java:745)
WARN  2015-10-26 19:07:18,247 (DataTransferManager.java:415) failed to connect to evilcoffeebean@bluebracket.p1.im/Saros using transport: XMPP-Socks5-Transport
java.io.IOException: [SOCKS5Transport] waiting for a response session timed out (30000ms) and could not establish a connection from this side, too:
	at de.fu_berlin.inf.dpp.net.internal.Socks5Transport.establishBinaryChannel(Socks5Transport.java:592)
	at de.fu_berlin.inf.dpp.net.internal.ByteStreamTransport.connect(ByteStreamTransport.java:48)
	at de.fu_berlin.inf.dpp.net.internal.DataTransferManager.connectInternal(DataTransferManager.java:412)
	at de.fu_berlin.inf.dpp.net.internal.DataTransferManager.sendData(DataTransferManager.java:242)
	at de.fu_berlin.inf.dpp.net.internal.XMPPTransmitter.send(XMPPTransmitter.java:88)
	at de.fu_berlin.inf.dpp.net.internal.XMPPTransmitter.send(XMPPTransmitter.java:64)
	at de.fu_berlin.inf.dpp.whiteboard.net.SarosSXETransmitter.sendWithoutDispatch(SarosSXETransmitter.java:137)
	at de.fu_berlin.inf.dpp.whiteboard.net.SarosSXETransmitter.sendAndAwait(SarosSXETransmitter.java:162)
	at de.fu_berlin.inf.dpp.whiteboard.sxe.net.SXEOutgoingSynchronizationProcess.start(SXEOutgoingSynchronizationProcess.java:58)
	at de.fu_berlin.inf.dpp.whiteboard.net.WhiteboardManager$1.postOutgoingInvitationCompleted(WhiteboardManager.java:96)
	at de.fu_berlin.inf.dpp.project.SarosSessionManager.postOutgoingInvitationCompleted(SarosSessionManager.java:667)
	at de.fu_berlin.inf.dpp.negotiation.OutgoingSessionNegotiation.start(OutgoingSessionNegotiation.java:202)
	at de.fu_berlin.inf.dpp.ui.eventhandler.NegotiationHandler$OutgoingInvitationJob.run(NegotiationHandler.java:86)
	at org.eclipse.core.internal.jobs.Worker.run(Worker.java:55)
Caused by: item-not-found(404) Could not establish socket with any provided host
	at org.jivesoftware.smack.util.SyncPacketSend.getReply(SyncPacketSend.java:54)
	at org.jivesoftware.smackx.bytestreams.socks5.Socks5BytestreamManager.establishSession(Socks5BytestreamManager.java:481)
	at org.jivesoftware.smackx.bytestreams.socks5.Socks5BytestreamManager.establishSession(Socks5BytestreamManager.java:83)
	at de.fu_berlin.inf.dpp.net.internal.Socks5Transport.establishBinaryChannel(Socks5Transport.java:512)
	... 13 more
WARN  2015-10-26 19:08:18,627 (XMPPUtils.java:364) could not query identity: aim.hosted.im
service-unavailable(503)
	at org.jivesoftware.smackx.ServiceDiscoveryManager.discoverInfo(ServiceDiscoveryManager.java:537)
	at org.jivesoftware.smackx.ServiceDiscoveryManager.discoverInfo(ServiceDiscoveryManager.java:489)
	at de.fu_berlin.inf.dpp.net.util.XMPPUtils.getMultiUserChatService(XMPPUtils.java:353)
	at de.fu_berlin.inf.dpp.communication.chat.muc.negotiation.MUCNegotiationManager.getMUCService(MUCNegotiationManager.java:168)
	at de.fu_berlin.inf.dpp.communication.chat.muc.negotiation.MUCNegotiationManager.getOwnPreferences(MUCNegotiationManager.java:125)
	at de.fu_berlin.inf.dpp.communication.chat.muc.negotiation.MUCNegotiationManager$1.considerClientPreferences(MUCNegotiationManager.java:72)
	at de.fu_berlin.inf.dpp.negotiation.OutgoingSessionNegotiation.determineSessionParameters(OutgoingSessionNegotiation.java:397)
	at de.fu_berlin.inf.dpp.negotiation.OutgoingSessionNegotiation.start(OutgoingSessionNegotiation.java:191)
	at de.fu_berlin.inf.dpp.ui.eventhandler.NegotiationHandler$OutgoingInvitationJob.run(NegotiationHandler.java:86)
	at org.eclipse.core.internal.jobs.Worker.run(Worker.java:55)
WARN  2015-10-26 19:08:20,398 (Socks5Transport.java:411) [SOCKS5Transport] Couldn't accept request but still trying to establish a response connection: Could not establish socket with any provided host
ERROR 2015-10-26 19:08:22,649 (Socks5Transport.java:440) An error occurred while establishing a response connection 
item-not-found(404) Could not establish socket with any provided host
	at org.jivesoftware.smack.util.SyncPacketSend.getReply(SyncPacketSend.java:54)
	at org.jivesoftware.smackx.bytestreams.socks5.Socks5BytestreamManager.establishSession(Socks5BytestreamManager.java:481)
	at org.jivesoftware.smackx.bytestreams.socks5.Socks5BytestreamManager.establishSession(Socks5BytestreamManager.java:83)
	at de.fu_berlin.inf.dpp.net.internal.Socks5Transport.establishResponseSession(Socks5Transport.java:631)
	at de.fu_berlin.inf.dpp.net.internal.Socks5Transport$1.call(Socks5Transport.java:108)
	at de.fu_berlin.inf.dpp.net.internal.Socks5Transport$1.call(Socks5Transport.java:1)
	at java.util.concurrent.FutureTask.run(FutureTask.java:266)
	at java.util.concurrent.ThreadPoolExecutor.runWorker(ThreadPoolExecutor.java:1142)
	at java.util.concurrent.ThreadPoolExecutor$Worker.run(ThreadPoolExecutor.java:617)
	at java.lang.Thread.run(Thread.java:745)
ERROR 2015-10-26 19:08:22,651 (ByteStreamTransport.java:105) could not establish bytestream connection to evilcoffeebean@bluebracket.p1.im/Saros
java.io.IOException: [SOCKS5Transport] Neither connection could be established. 
	at de.fu_berlin.inf.dpp.net.internal.Socks5Transport.acceptNewRequest(Socks5Transport.java:446)
	at de.fu_berlin.inf.dpp.net.internal.Socks5Transport.acceptRequest(Socks5Transport.java:474)
	at de.fu_berlin.inf.dpp.net.internal.ByteStreamTransport$1.incomingBytestreamRequest(ByteStreamTransport.java:77)
	at org.jivesoftware.smackx.bytestreams.socks5.InitiationListener.processRequest(InitiationListener.java:91)
	at org.jivesoftware.smackx.bytestreams.socks5.InitiationListener.access$000(InitiationListener.java:37)
	at org.jivesoftware.smackx.bytestreams.socks5.InitiationListener$1.run(InitiationListener.java:63)
	at java.util.concurrent.ThreadPoolExecutor.runWorker(ThreadPoolExecutor.java:1142)
	at java.util.concurrent.ThreadPoolExecutor$Worker.run(ThreadPoolExecutor.java:617)
	at java.lang.Thread.run(Thread.java:745)
ERROR 2015-10-26 19:12:09,746 (EditorManager.java:1935) Invalid line selection: offset: 282, length: 0
WARN  2015-10-26 19:14:11,882 (SarosSession.java:655) failed to notify user evilcoffeebean@bluebracket.p1.im/Saros about local session stop
java.io.IOException: not connected to a XMPP server
	at de.fu_berlin.inf.dpp.net.internal.DataTransferManager.sendData(DataTransferManager.java:200)
	at de.fu_berlin.inf.dpp.net.internal.XMPPTransmitter.send(XMPPTransmitter.java:90)
	at de.fu_berlin.inf.dpp.project.internal.SarosSession.stop(SarosSession.java:651)
	at de.fu_berlin.inf.dpp.project.SarosSessionManager.stopSarosSession(SarosSessionManager.java:340)
	at de.fu_berlin.inf.dpp.project.SarosSessionManager$2.connectionStateChanged(SarosSessionManager.java:152)
	at de.fu_berlin.inf.dpp.net.xmpp.XMPPConnectionService.setConnectionState(XMPPConnectionService.java:405)
	at de.fu_berlin.inf.dpp.net.xmpp.XMPPConnectionService.disconnect(XMPPConnectionService.java:304)
	at de.fu_berlin.inf.dpp.communication.connection.ConnectionHandler.disconnectXMPPInternal(ConnectionHandler.java:225)
	at de.fu_berlin.inf.dpp.communication.connection.ConnectionHandler.disconnect(ConnectionHandler.java:211)
	at de.fu_berlin.inf.dpp.ui.actions.ChangeXMPPAccountAction$7.run(ChangeXMPPAccountAction.java:218)
	at de.fu_berlin.inf.dpp.util.ThreadUtils$1.run(ThreadUtils.java:38)
	at java.lang.Thread.run(Thread.java:745)
