WARN  2015-10-26 17:17:28,845 (StunServiceImpl.java:420) received no response from STUN server stunserver.org/69.172.201.208:3478 at local address /192.168.0.15:0
ERROR 2015-10-26 17:18:34,694 (XMPPConnectionService.java:400)  new connection state == ERROR
gmail.com:5222 Exception: XMPPError connecting to gmail.com:5222.; : remote-server-error(502)
  -- caused by: XMPPError connecting to gmail.com:5222.: remote-server-error(502) XMPPError connecting to gmail.com:5222.
  -- caused by: java.net.ConnectException: Operation timed out
	at org.jivesoftware.smack.XMPPConnection.connectUsingConfiguration(XMPPConnection.java:592)
	at org.jivesoftware.smack.XMPPConnection.connect(XMPPConnection.java:1010)
	at de.fu_berlin.inf.dpp.net.xmpp.XMPPConnectionService.connect(XMPPConnectionService.java:268)
	at de.fu_berlin.inf.dpp.communication.connection.ConnectionHandler.connectXMPPInternal(ConnectionHandler.java:332)
	at de.fu_berlin.inf.dpp.communication.connection.ConnectionHandler.connect(ConnectionHandler.java:190)
	at de.fu_berlin.inf.dpp.StartupSaros$1.run(StartupSaros.java:113)
	at de.fu_berlin.inf.dpp.util.ThreadUtils$1.run(ThreadUtils.java:38)
	at java.lang.Thread.run(Thread.java:745)
Nested Exception: 
XMPPError connecting to gmail.com:5222.: remote-server-error(502) XMPPError connecting to gmail.com:5222.
  -- caused by: java.net.ConnectException: Operation timed out
	at org.jivesoftware.smack.XMPPConnection.connectUsingConfiguration(XMPPConnection.java:565)
	at org.jivesoftware.smack.XMPPConnection.connect(XMPPConnection.java:1010)
	at de.fu_berlin.inf.dpp.net.xmpp.XMPPConnectionService.connect(XMPPConnectionService.java:268)
	at de.fu_berlin.inf.dpp.communication.connection.ConnectionHandler.connectXMPPInternal(ConnectionHandler.java:332)
	at de.fu_berlin.inf.dpp.communication.connection.ConnectionHandler.connect(ConnectionHandler.java:190)
	at de.fu_berlin.inf.dpp.StartupSaros$1.run(StartupSaros.java:113)
	at de.fu_berlin.inf.dpp.util.ThreadUtils$1.run(ThreadUtils.java:38)
	at java.lang.Thread.run(Thread.java:745)
Nested Exception: 
java.net.ConnectException: Operation timed out
	at java.net.PlainSocketImpl.socketConnect(Native Method)
	at java.net.AbstractPlainSocketImpl.doConnect(AbstractPlainSocketImpl.java:350)
	at java.net.AbstractPlainSocketImpl.connectToAddress(AbstractPlainSocketImpl.java:206)
	at java.net.AbstractPlainSocketImpl.connect(AbstractPlainSocketImpl.java:188)
	at java.net.Socket.connect(Socket.java:589)
	at java.net.Socket.connect(Socket.java:538)
	at org.jivesoftware.smack.proxy.DirectSocketFactory.createSocket(DirectSocketFactory.java:45)
	at org.jivesoftware.smack.XMPPConnection.connectUsingConfiguration(XMPPConnection.java:557)
	at org.jivesoftware.smack.XMPPConnection.connect(XMPPConnection.java:1010)
	at de.fu_berlin.inf.dpp.net.xmpp.XMPPConnectionService.connect(XMPPConnectionService.java:268)
	at de.fu_berlin.inf.dpp.communication.connection.ConnectionHandler.connectXMPPInternal(ConnectionHandler.java:332)
	at de.fu_berlin.inf.dpp.communication.connection.ConnectionHandler.connect(ConnectionHandler.java:190)
	at de.fu_berlin.inf.dpp.StartupSaros$1.run(StartupSaros.java:113)
	at de.fu_berlin.inf.dpp.util.ThreadUtils$1.run(ThreadUtils.java:38)
	at java.lang.Thread.run(Thread.java:745)
ERROR 2015-10-26 17:19:33,429 (XMPPConnectionService.java:400)  new connection state == ERROR
SASL authentication PLAIN failed: not-authorized: 
	at org.jivesoftware.smack.SASLAuthentication.authenticate(SASLAuthentication.java:342)
	at org.jivesoftware.smack.XMPPConnection.login(XMPPConnection.java:243)
	at de.fu_berlin.inf.dpp.net.xmpp.XMPPConnectionService.connect(XMPPConnectionService.java:276)
	at de.fu_berlin.inf.dpp.communication.connection.ConnectionHandler.connectXMPPInternal(ConnectionHandler.java:332)
	at de.fu_berlin.inf.dpp.communication.connection.ConnectionHandler.connect(ConnectionHandler.java:190)
	at de.fu_berlin.inf.dpp.ui.actions.ChangeXMPPAccountAction$6.run(ChangeXMPPAccountAction.java:201)
	at de.fu_berlin.inf.dpp.util.ThreadUtils$1.run(ThreadUtils.java:38)
	at java.lang.Thread.run(Thread.java:745)
WARN  2015-10-26 17:19:41,167 (StunServiceImpl.java:420) received no response from STUN server stunserver.org/69.172.201.208:3478 at local address /192.168.0.15:0
ERROR 2015-10-26 17:19:44,834 (XMPPConnectionService.java:400)  new connection state == ERROR
SASL authentication PLAIN failed: not-authorized: 
	at org.jivesoftware.smack.SASLAuthentication.authenticate(SASLAuthentication.java:342)
	at org.jivesoftware.smack.XMPPConnection.login(XMPPConnection.java:243)
	at de.fu_berlin.inf.dpp.net.xmpp.XMPPConnectionService.connect(XMPPConnectionService.java:276)
	at de.fu_berlin.inf.dpp.communication.connection.ConnectionHandler.connectXMPPInternal(ConnectionHandler.java:332)
	at de.fu_berlin.inf.dpp.communication.connection.ConnectionHandler.connect(ConnectionHandler.java:190)
	at de.fu_berlin.inf.dpp.ui.eventhandler.ConnectingFailureHandler$3.run(ConnectingFailureHandler.java:96)
	at de.fu_berlin.inf.dpp.util.ThreadUtils$1.run(ThreadUtils.java:38)
	at java.lang.Thread.run(Thread.java:745)
WARN  2015-10-26 17:19:53,556 (StunServiceImpl.java:420) received no response from STUN server stunserver.org/69.172.201.208:3478 at local address /192.168.0.15:0
ERROR 2015-10-26 17:19:59,672 (XMPPConnectionService.java:400)  new connection state == ERROR
SASL authentication PLAIN failed: not-authorized: 
	at org.jivesoftware.smack.SASLAuthentication.authenticate(SASLAuthentication.java:342)
	at org.jivesoftware.smack.XMPPConnection.login(XMPPConnection.java:243)
	at de.fu_berlin.inf.dpp.net.xmpp.XMPPConnectionService.connect(XMPPConnectionService.java:276)
	at de.fu_berlin.inf.dpp.communication.connection.ConnectionHandler.connectXMPPInternal(ConnectionHandler.java:332)
	at de.fu_berlin.inf.dpp.communication.connection.ConnectionHandler.connect(ConnectionHandler.java:190)
	at de.fu_berlin.inf.dpp.ui.actions.ChangeXMPPAccountAction$6.run(ChangeXMPPAccountAction.java:201)
	at de.fu_berlin.inf.dpp.util.ThreadUtils$1.run(ThreadUtils.java:38)
	at java.lang.Thread.run(Thread.java:745)
WARN  2015-10-26 17:20:08,355 (StunServiceImpl.java:420) received no response from STUN server stunserver.org/69.172.201.208:3478 at local address /192.168.0.15:0
WARN  2015-10-26 17:20:26,448 (StunServiceImpl.java:420) received no response from STUN server stunserver.org/69.172.201.208:3478 at local address /192.168.0.15:0
