INFO  2015-10-26 18:21:37,034 (Saros.java:220) Starting Saros 14.10.31 running:
  Java Version: 1.8.0_60
  Java Vendor: Oracle Corporation
  Eclipse Runtime Version: 3.11.0.v20150405-1723
  Operating System: Mac OS X (10.11)
  Hardware Architecture: x86_64
INFO  2015-10-26 18:21:37,075 (SarosContext.java:153) creating Saros runtime context...
DEBUG 2015-10-26 18:21:37,138 (XMPPAccountStore.java:117) loading accounts from file: /Users/ZP4RKER/.saros/config.dat
DEBUG 2015-10-26 18:21:44,944 (XMPPAccountStore.java:176) loaded 1 account(s)
INFO  2015-10-26 18:21:45,165 (SarosContext.java:199) successfully created Saros runtime context
DEBUG 2015-10-26 18:21:45,207 (DataTransferManager.java:467) used transport order for the current XMPP connection: [XMPP-Socks5-Transport, XMPP-IBB-Transport]
INFO  2015-10-26 18:21:45,234 (PreferenceInitializer.java:50) initializing preference default values
DEBUG 2015-10-26 18:21:45,283 (SarosAnnotation.java:117) resetting annotation colors
DEBUG 2015-10-26 18:21:45,383 (Saros.java:430) skipping conversion of old XMPP accounts, because there are already new ones
DEBUG 2015-10-26 18:21:57,832 (WhiteboardManager.java:194) WhiteboardManager instantiated
DEBUG 2015-10-26 18:21:57,881 (DocumentRecord.java:93) Added Node: attr(144584411787536186) name=svg
DEBUG 2015-10-26 18:22:03,059 (XMPPConnectionService.java:439) started Socks5 proxy on port: 7777 [listening on all interfaces]
DEBUG 2015-10-26 18:22:03,063 (XMPPConnectionService.java:459) using autodetected addresses: [192.168.0.15, fe80:0:0:0:f863:72ff:fef2:c1a5%awdl0, fe80:0:0:0:8638:35ff:fe48:ea84%en0]
DEBUG 2015-10-26 18:22:03,079 (XMPPConnectionService.java:398)  new connection state == CONNECTING
DEBUG 2015-10-26 18:22:05,603 (XMPPConnectionService.java:398) zp4rker@adastra.re/Saros new connection state == CONNECTED
DEBUG 2015-10-26 18:22:05,604 (DataTransferManager.java:467) used transport order for the current XMPP connection: [XMPP-Socks5-Transport, XMPP-IBB-Transport]
DEBUG 2015-10-26 18:22:05,609 (SkypeManager.java:289) Refreshing Skype username cache...
WARN  2015-10-26 18:22:13,493 (StunServiceImpl.java:420) received no response from STUN server stunserver.org/69.172.201.208:3478 at local address /192.168.0.15:0
WARN  2015-10-26 18:29:33,875 (AddContactWizard.java:146) Unknown error: service-unavailable(-1)
Unknown error: service-unavailable(-1): 
	at de.fu_berlin.inf.dpp.ui.wizards.AddContactWizard.addToRoster(AddContactWizard.java:234)
	at de.fu_berlin.inf.dpp.ui.wizards.AddContactWizard.access$0(AddContactWizard.java:174)
	at de.fu_berlin.inf.dpp.ui.wizards.AddContactWizard$1.run(AddContactWizard.java:132)
	at org.eclipse.jface.operation.ModalContext$ModalContextThread.run(ModalContext.java:119)
WARN  2015-10-26 18:29:49,941 (AddContactWizard.java:146) Unknown error: service-unavailable(-1)
Unknown error: service-unavailable(-1): 
	at de.fu_berlin.inf.dpp.ui.wizards.AddContactWizard.addToRoster(AddContactWizard.java:234)
	at de.fu_berlin.inf.dpp.ui.wizards.AddContactWizard.access$0(AddContactWizard.java:174)
	at de.fu_berlin.inf.dpp.ui.wizards.AddContactWizard$1.run(AddContactWizard.java:132)
	at org.eclipse.jface.operation.ModalContext$ModalContextThread.run(ModalContext.java:119)
DEBUG 2015-10-26 18:32:03,178 (XMPPConnectionService.java:398) zp4rker@adastra.re/Saros new connection state == DISCONNECTING
DEBUG 2015-10-26 18:32:03,336 (XMPPConnectionService.java:398)  new connection state == NOT_CONNECTED
DEBUG 2015-10-26 18:32:03,337 (UPnPServiceImpl.java:295) deleting existing port mappings
