INFO  2015-10-26 17:24:49,087 (Saros.java:220) Starting Saros 14.10.31 running:
  Java Version: 1.8.0_60
  Java Vendor: Oracle Corporation
  Eclipse Runtime Version: 3.11.0.v20150405-1723
  Operating System: Mac OS X (10.11)
  Hardware Architecture: x86_64
INFO  2015-10-26 17:24:49,124 (SarosContext.java:153) creating Saros runtime context...
DEBUG 2015-10-26 17:24:49,189 (XMPPAccountStore.java:117) loading accounts from file: /Users/ZP4RKER/.saros/config.dat
DEBUG 2015-10-26 17:24:56,891 (XMPPAccountStore.java:176) loaded 1 account(s)
INFO  2015-10-26 17:24:57,119 (SarosContext.java:199) successfully created Saros runtime context
DEBUG 2015-10-26 17:24:57,156 (DataTransferManager.java:467) used transport order for the current XMPP connection: [XMPP-Socks5-Transport, XMPP-IBB-Transport]
INFO  2015-10-26 17:24:57,188 (PreferenceInitializer.java:50) initializing preference default values
DEBUG 2015-10-26 17:24:57,237 (SarosAnnotation.java:117) resetting annotation colors
DEBUG 2015-10-26 17:24:57,351 (Saros.java:430) skipping conversion of old XMPP accounts, because there are already new ones
DEBUG 2015-10-26 17:25:11,622 (WhiteboardManager.java:194) WhiteboardManager instantiated
DEBUG 2015-10-26 17:25:11,688 (DocumentRecord.java:93) Added Node: attr(144584071166931481) name=svg
DEBUG 2015-10-26 17:25:16,856 (XMPPConnectionService.java:439) started Socks5 proxy on port: 7777 [listening on all interfaces]
DEBUG 2015-10-26 17:25:16,858 (XMPPConnectionService.java:459) using autodetected addresses: [192.168.0.15, fe80:0:0:0:f863:72ff:fef2:c1a5%awdl0, fe80:0:0:0:8638:35ff:fe48:ea84%en0]
DEBUG 2015-10-26 17:25:16,866 (XMPPConnectionService.java:398)  new connection state == CONNECTING
DEBUG 2015-10-26 17:25:19,623 (XMPPConnectionService.java:398) zp4rker@adastra.re/Saros new connection state == CONNECTED
DEBUG 2015-10-26 17:25:19,624 (DataTransferManager.java:467) used transport order for the current XMPP connection: [XMPP-Socks5-Transport, XMPP-IBB-Transport]
DEBUG 2015-10-26 17:25:19,628 (SkypeManager.java:289) Refreshing Skype username cache...
WARN  2015-10-26 17:25:27,282 (StunServiceImpl.java:420) received no response from STUN server stunserver.org/69.172.201.208:3478 at local address /192.168.0.15:0
DEBUG 2015-10-26 17:28:48,874 (SharedDocumentProvider.java:77) SharedDocumentProvider created by Eclipse
WARN  2015-10-26 18:20:36,103 (AddContactWizard.java:237) Problem while adding a contact. User decided to add contact anyway. Problem:
service-unavailable(-1)
DEBUG 2015-10-26 18:20:36,322 (XMPPConnectionService.java:398) zp4rker@adastra.re/Saros new connection state == DISCONNECTING
DEBUG 2015-10-26 18:20:36,477 (XMPPConnectionService.java:398)  new connection state == NOT_CONNECTED
DEBUG 2015-10-26 18:20:36,478 (UPnPServiceImpl.java:295) deleting existing port mappings
